<?xml version="1.0" encoding="UTF-8"?>
<!-- Generated by org.testng.reporters.JUnitReportReporter -->
<testsuite skipped="109" hostname="User-PC" name="automationTesting.runner.AutomationTestRunner" tests="157" failures="0" timestamp="04 Jan 2023 10:40:58 GMT" time="4812.905" errors="1">
  <testcase name="runFeature" time="497.528" classname="automationTesting.runner.AutomationTestRunner">
    <skipped/>
  </testcase> <!-- runFeature -->
  <testcase name="runFeature" time="202.436" classname="automationTesting.runner.AutomationTestRunner">
    <skipped/>
  </testcase> <!-- runFeature -->
  <testcase name="runFeature" time="493.632" classname="automationTesting.runner.AutomationTestRunner">
    <skipped/>
  </testcase> <!-- runFeature -->
  <testcase name="runFeature" time="32.079" classname="automationTesting.runner.AutomationTestRunner"/>
  <testcase name="runFeature" time="48.606" classname="automationTesting.runner.AutomationTestRunner">
    <skipped/>
  </testcase> <!-- runFeature -->
  <testcase name="runFeature" time="489.390" classname="automationTesting.runner.AutomationTestRunner">
    <skipped/>
  </testcase> <!-- runFeature -->
  <testcase name="runFeature" time="40.804" classname="automationTesting.runner.AutomationTestRunner"/>
  <testcase name="runFeature" time="41.596" classname="automationTesting.runner.AutomationTestRunner"/>
  <testcase name="runFeature" time="24.336" classname="automationTesting.runner.AutomationTestRunner"/>
  <testcase name="runFeature" time="53.982" classname="automationTesting.runner.AutomationTestRunner">
    <skipped/>
  </testcase> <!-- runFeature -->
  <testcase name="runFeature" time="0.000" classname="automationTesting.runner.AutomationTestRunner">
    <skipped/>
  </testcase> <!-- runFeature -->
  <testcase name="runFeature" time="46.370" classname="automationTesting.runner.AutomationTestRunner">
    <skipped/>
  </testcase> <!-- runFeature -->
  <testcase name="runFeature" time="35.843" classname="automationTesting.runner.AutomationTestRunner"/>
  <testcase name="runFeature" time="0.000" classname="automationTesting.runner.AutomationTestRunner">
    <skipped/>
  </testcase> <!-- runFeature -->
  <testcase name="runFeature" time="53.342" classname="automationTesting.runner.AutomationTestRunner">
    <skipped/>
  </testcase> <!-- runFeature -->
  <testcase name="runFeature" time="34.708" classname="automationTesting.runner.AutomationTestRunner"/>
  <testcase name="runFeature" time="0.000" classname="automationTesting.runner.AutomationTestRunner">
    <skipped/>
  </testcase> <!-- runFeature -->
  <testcase name="runFeature" time="0.000" classname="automationTesting.runner.AutomationTestRunner">
    <skipped/>
  </testcase> <!-- runFeature -->
  <testcase name="runFeature" time="22.876" classname="automationTesting.runner.AutomationTestRunner"/>
  <testcase name="runFeature" time="53.498" classname="automationTesting.runner.AutomationTestRunner">
    <skipped/>
  </testcase> <!-- runFeature -->
  <testcase name="runFeature" time="52.753" classname="automationTesting.runner.AutomationTestRunner">
    <skipped/>
  </testcase> <!-- runFeature -->
  <testcase name="runFeature" time="38.309" classname="automationTesting.runner.AutomationTestRunner"/>
  <testcase name="runFeature" time="0.000" classname="automationTesting.runner.AutomationTestRunner">
    <skipped/>
  </testcase> <!-- runFeature -->
  <testcase name="runFeature" time="35.579" classname="automationTesting.runner.AutomationTestRunner"/>
  <testcase name="runFeature" time="21.704" classname="automationTesting.runner.AutomationTestRunner"/>
  <testcase name="runFeature" time="23.396" classname="automationTesting.runner.AutomationTestRunner">
    <skipped/>
  </testcase> <!-- runFeature -->
  <testcase name="runFeature" time="23.040" classname="automationTesting.runner.AutomationTestRunner"/>
  <testcase name="runFeature" time="48.369" classname="automationTesting.runner.AutomationTestRunner">
    <skipped/>
  </testcase> <!-- runFeature -->
  <testcase name="runFeature" time="0.000" classname="automationTesting.runner.AutomationTestRunner">
    <skipped/>
  </testcase> <!-- runFeature -->
  <testcase name="runFeature" time="0.000" classname="automationTesting.runner.AutomationTestRunner">
    <skipped/>
  </testcase> <!-- runFeature -->
  <testcase name="runFeature" time="26.200" classname="automationTesting.runner.AutomationTestRunner"/>
  <testcase name="runFeature" time="27.811" classname="automationTesting.runner.AutomationTestRunner"/>
  <testcase name="runFeature" time="12.103" classname="automationTesting.runner.AutomationTestRunner"/>
  <testcase name="runFeature" time="0.000" classname="automationTesting.runner.AutomationTestRunner">
    <skipped/>
  </testcase> <!-- runFeature -->
  <testcase name="runFeature" time="0.000" classname="automationTesting.runner.AutomationTestRunner">
    <skipped/>
  </testcase> <!-- runFeature -->
  <testcase name="runFeature" time="0.000" classname="automationTesting.runner.AutomationTestRunner">
    <skipped/>
  </testcase> <!-- runFeature -->
  <testcase name="runFeature" time="52.269" classname="automationTesting.runner.AutomationTestRunner">
    <skipped/>
  </testcase> <!-- runFeature -->
  <testcase name="runFeature" time="0.000" classname="automationTesting.runner.AutomationTestRunner">
    <skipped/>
  </testcase> <!-- runFeature -->
  <testcase name="runFeature" time="0.000" classname="automationTesting.runner.AutomationTestRunner">
    <skipped/>
  </testcase> <!-- runFeature -->
  <testcase name="runFeature" time="43.964" classname="automationTesting.runner.AutomationTestRunner"/>
  <testcase name="runFeature" time="46.905" classname="automationTesting.runner.AutomationTestRunner">
    <skipped/>
  </testcase> <!-- runFeature -->
  <testcase name="runFeature" time="0.000" classname="automationTesting.runner.AutomationTestRunner">
    <skipped/>
  </testcase> <!-- runFeature -->
  <testcase name="runFeature" time="23.275" classname="automationTesting.runner.AutomationTestRunner"/>
  <testcase name="runFeature" time="55.361" classname="automationTesting.runner.AutomationTestRunner"/>
  <testcase name="runFeature" time="46.193" classname="automationTesting.runner.AutomationTestRunner">
    <skipped/>
  </testcase> <!-- runFeature -->
  <testcase name="runFeature" time="46.230" classname="automationTesting.runner.AutomationTestRunner">
    <skipped/>
  </testcase> <!-- runFeature -->
  <testcase name="runFeature" time="28.150" classname="automationTesting.runner.AutomationTestRunner"/>
  <testcase name="runFeature" time="48.988" classname="automationTesting.runner.AutomationTestRunner">
    <skipped/>
  </testcase> <!-- runFeature -->
  <testcase name="runFeature" time="46.821" classname="automationTesting.runner.AutomationTestRunner">
    <skipped/>
  </testcase> <!-- runFeature -->
  <testcase name="runFeature" time="44.836" classname="automationTesting.runner.AutomationTestRunner">
    <skipped/>
  </testcase> <!-- runFeature -->
  <testcase name="runFeature" time="0.000" classname="automationTesting.runner.AutomationTestRunner">
    <skipped/>
  </testcase> <!-- runFeature -->
  <testcase name="runFeature" time="0.000" classname="automationTesting.runner.AutomationTestRunner">
    <skipped/>
  </testcase> <!-- runFeature -->
  <testcase name="runFeature" time="38.334" classname="automationTesting.runner.AutomationTestRunner"/>
  <testcase name="runFeature" time="47.066" classname="automationTesting.runner.AutomationTestRunner">
    <skipped/>
  </testcase> <!-- runFeature -->
  <testcase name="runFeature" time="0.001" classname="automationTesting.runner.AutomationTestRunner">
    <skipped/>
  </testcase> <!-- runFeature -->
  <testcase name="runFeature" time="0.000" classname="automationTesting.runner.AutomationTestRunner">
    <skipped/>
  </testcase> <!-- runFeature -->
  <testcase name="runFeature" time="0.000" classname="automationTesting.runner.AutomationTestRunner">
    <skipped/>
  </testcase> <!-- runFeature -->
  <testcase name="runFeature" time="24.626" classname="automationTesting.runner.AutomationTestRunner"/>
  <testcase name="runFeature" time="45.755" classname="automationTesting.runner.AutomationTestRunner"/>
  <testcase name="runFeature" time="0.000" classname="automationTesting.runner.AutomationTestRunner">
    <skipped/>
  </testcase> <!-- runFeature -->
  <testcase name="runFeature" time="0.000" classname="automationTesting.runner.AutomationTestRunner">
    <skipped/>
  </testcase> <!-- runFeature -->
  <testcase name="runFeature" time="0.000" classname="automationTesting.runner.AutomationTestRunner">
    <skipped/>
  </testcase> <!-- runFeature -->
  <testcase name="runFeature" time="0.000" classname="automationTesting.runner.AutomationTestRunner">
    <skipped/>
  </testcase> <!-- runFeature -->
  <testcase name="runFeature" time="28.368" classname="automationTesting.runner.AutomationTestRunner"/>
  <testcase name="runFeature" time="47.021" classname="automationTesting.runner.AutomationTestRunner"/>
  <testcase name="runFeature" time="43.623" classname="automationTesting.runner.AutomationTestRunner">
    <skipped/>
  </testcase> <!-- runFeature -->
  <testcase name="runFeature" time="0.000" classname="automationTesting.runner.AutomationTestRunner">
    <skipped/>
  </testcase> <!-- runFeature -->
  <testcase name="runFeature" time="0.000" classname="automationTesting.runner.AutomationTestRunner">
    <skipped/>
  </testcase> <!-- runFeature -->
  <testcase name="runFeature" time="0.000" classname="automationTesting.runner.AutomationTestRunner">
    <skipped/>
  </testcase> <!-- runFeature -->
  <testcase name="runFeature" time="0.000" classname="automationTesting.runner.AutomationTestRunner">
    <skipped/>
  </testcase> <!-- runFeature -->
  <testcase name="runFeature" time="47.095" classname="automationTesting.runner.AutomationTestRunner">
    <skipped/>
  </testcase> <!-- runFeature -->
  <testcase name="runFeature" time="40.518" classname="automationTesting.runner.AutomationTestRunner"/>
  <testcase name="runFeature" time="40.348" classname="automationTesting.runner.AutomationTestRunner"/>
  <testcase name="runFeature" time="46.590" classname="automationTesting.runner.AutomationTestRunner">
    <skipped/>
  </testcase> <!-- runFeature -->
  <testcase name="runFeature" time="0.000" classname="automationTesting.runner.AutomationTestRunner">
    <skipped/>
  </testcase> <!-- runFeature -->
  <testcase name="runFeature" time="52.762" classname="automationTesting.runner.AutomationTestRunner"/>
  <testcase name="runFeature" time="31.520" classname="automationTesting.runner.AutomationTestRunner"/>
  <testcase name="runFeature" time="0.000" classname="automationTesting.runner.AutomationTestRunner">
    <skipped/>
  </testcase> <!-- runFeature -->
  <testcase name="runFeature" time="0.000" classname="automationTesting.runner.AutomationTestRunner">
    <skipped/>
  </testcase> <!-- runFeature -->
  <testcase name="runFeature" time="0.000" classname="automationTesting.runner.AutomationTestRunner">
    <skipped/>
  </testcase> <!-- runFeature -->
  <testcase name="runFeature" time="46.246" classname="automationTesting.runner.AutomationTestRunner">
    <skipped/>
  </testcase> <!-- runFeature -->
  <testcase name="runFeature" time="0.000" classname="automationTesting.runner.AutomationTestRunner">
    <skipped/>
  </testcase> <!-- runFeature -->
  <testcase name="runFeature" time="0.000" classname="automationTesting.runner.AutomationTestRunner">
    <skipped/>
  </testcase> <!-- runFeature -->
  <testcase name="runFeature" time="0.000" classname="automationTesting.runner.AutomationTestRunner">
    <skipped/>
  </testcase> <!-- runFeature -->
  <testcase name="runFeature" time="0.000" classname="automationTesting.runner.AutomationTestRunner">
    <skipped/>
  </testcase> <!-- runFeature -->
  <testcase name="runFeature" time="24.790" classname="automationTesting.runner.AutomationTestRunner"/>
  <testcase name="runFeature" time="0.000" classname="automationTesting.runner.AutomationTestRunner">
    <skipped/>
  </testcase> <!-- runFeature -->
  <testcase name="runFeature" time="39.919" classname="automationTesting.runner.AutomationTestRunner"/>
  <testcase name="runFeature" time="0.000" classname="automationTesting.runner.AutomationTestRunner">
    <skipped/>
  </testcase> <!-- runFeature -->
  <testcase name="runFeature" time="0.000" classname="automationTesting.runner.AutomationTestRunner">
    <skipped/>
  </testcase> <!-- runFeature -->
  <testcase name="runFeature" time="0.000" classname="automationTesting.runner.AutomationTestRunner">
    <skipped/>
  </testcase> <!-- runFeature -->
  <testcase name="runFeature" time="35.068" classname="automationTesting.runner.AutomationTestRunner"/>
  <testcase name="runFeature" time="0.000" classname="automationTesting.runner.AutomationTestRunner">
    <skipped/>
  </testcase> <!-- runFeature -->
  <testcase name="runFeature" time="0.000" classname="automationTesting.runner.AutomationTestRunner">
    <skipped/>
  </testcase> <!-- runFeature -->
  <testcase name="runFeature" time="22.927" classname="automationTesting.runner.AutomationTestRunner"/>
  <testcase name="setEnvironment" time="1.498" classname="automationTesting.runner.AutomationTestRunner">
    <error type="io.github.bonigarcia.wdm.config.WebDriverManagerException" message="javax.net.ssl.SSLException: javax.crypto.AEADBadTagException: Tag mismatch!">
      <![CDATA[io.github.bonigarcia.wdm.config.WebDriverManagerException: javax.net.ssl.SSLException: javax.crypto.AEADBadTagException: Tag mismatch!
	at io.github.bonigarcia.wdm.WebDriverManager.handleException(WebDriverManager.java:1422)
	at io.github.bonigarcia.wdm.WebDriverManager.manage(WebDriverManager.java:1203)
	at io.github.bonigarcia.wdm.WebDriverManager.fallback(WebDriverManager.java:1438)
	at io.github.bonigarcia.wdm.WebDriverManager.handleException(WebDriverManager.java:1415)
	at io.github.bonigarcia.wdm.WebDriverManager.manage(WebDriverManager.java:1203)
	at io.github.bonigarcia.wdm.WebDriverManager.setup(WebDriverManager.java:418)
	at wrappers.SeleniumWrapper.invokeApp(SeleniumWrapper.java:118)
	at wrappers.TestNgWrapper.setEnvironment(TestNgWrapper.java:37)
	at sun.reflect.NativeMethodAccessorImpl.invoke0(Native Method)
	at sun.reflect.NativeMethodAccessorImpl.invoke(NativeMethodAccessorImpl.java:62)
	at sun.reflect.DelegatingMethodAccessorImpl.invoke(DelegatingMethodAccessorImpl.java:43)
	at java.lang.reflect.Method.invoke(Method.java:498)
	at org.testng.internal.MethodInvocationHelper.invokeMethod(MethodInvocationHelper.java:108)
	at org.testng.internal.Invoker.invokeConfigurationMethod(Invoker.java:523)
	at org.testng.internal.Invoker.invokeConfigurations(Invoker.java:224)
	at org.testng.internal.Invoker.invokeMethod(Invoker.java:599)
	at org.testng.internal.Invoker.invokeTestMethod(Invoker.java:869)
	at org.testng.internal.TestMethodWithDataProviderMethodWorker.call(TestMethodWithDataProviderMethodWorker.java:75)
	at org.testng.internal.TestMethodWithDataProviderMethodWorker.call(TestMethodWithDataProviderMethodWorker.java:14)
	at java.util.concurrent.FutureTask.run(FutureTask.java:266)
	at java.util.concurrent.Executors$RunnableAdapter.call(Executors.java:511)
	at java.util.concurrent.FutureTask.run(FutureTask.java:266)
	at java.util.concurrent.ThreadPoolExecutor.runWorker(ThreadPoolExecutor.java:1149)
	at java.util.concurrent.ThreadPoolExecutor$Worker.run(ThreadPoolExecutor.java:624)
	at java.lang.Thread.run(Thread.java:750)
Caused by: javax.net.ssl.SSLException: javax.crypto.AEADBadTagException: Tag mismatch!
	at sun.security.ssl.Alert.createSSLException(Alert.java:133)
	at sun.security.ssl.TransportContext.fatal(TransportContext.java:370)
	at sun.security.ssl.TransportContext.fatal(TransportContext.java:313)
	at sun.security.ssl.TransportContext.fatal(TransportContext.java:308)
	at sun.security.ssl.SSLTransport.decode(SSLTransport.java:120)
	at sun.security.ssl.SSLSocketImpl.decode(SSLSocketImpl.java:1323)
	at sun.security.ssl.SSLSocketImpl.readApplicationRecord(SSLSocketImpl.java:1292)
	at sun.security.ssl.SSLSocketImpl.access$300(SSLSocketImpl.java:76)
	at sun.security.ssl.SSLSocketImpl$AppInputStream.read(SSLSocketImpl.java:948)
	at org.apache.hc.client5.http.impl.io.LoggingInputStream.read(LoggingInputStream.java:81)
	at org.apache.hc.core5.http.impl.io.SessionInputBufferImpl.read(SessionInputBufferImpl.java:195)
	at org.apache.hc.core5.http.impl.io.ContentLengthInputStream.read(ContentLengthInputStream.java:173)
	at org.apache.hc.core5.http.io.EofSensorInputStream.read(EofSensorInputStream.java:135)
	at org.apache.hc.core5.http.io.EofSensorInputStream.read(EofSensorInputStream.java:148)
	at org.apache.commons.io.IOUtils.copyLarge(IOUtils.java:1309)
	at org.apache.commons.io.IOUtils.copy(IOUtils.java:978)
	at org.apache.commons.io.IOUtils.copyLarge(IOUtils.java:1282)
	at org.apache.commons.io.IOUtils.copy(IOUtils.java:953)
	at org.apache.commons.io.FileUtils.copyToFile(FileUtils.java:1043)
	at org.apache.commons.io.FileUtils.copyInputStreamToFile(FileUtils.java:952)
	at io.github.bonigarcia.wdm.online.Downloader.downloadAndExtract(Downloader.java:135)
	at io.github.bonigarcia.wdm.online.Downloader.download(Downloader.java:90)
	at io.github.bonigarcia.wdm.WebDriverManager.download(WebDriverManager.java:1281)
	at io.github.bonigarcia.wdm.WebDriverManager.manage(WebDriverManager.java:1197)
	... 23 more
Caused by: javax.crypto.AEADBadTagException: Tag mismatch!
	at com.sun.crypto.provider.GaloisCounterMode.decryptFinal(GaloisCounterMode.java:620)
	at com.sun.crypto.provider.CipherCore.finalNoPadding(CipherCore.java:1116)
	at com.sun.crypto.provider.CipherCore.fillOutputBuffer(CipherCore.java:1053)
	at com.sun.crypto.provider.CipherCore.doFinal(CipherCore.java:941)
	at com.sun.crypto.provider.AESCipher.engineDoFinal(AESCipher.java:491)
	at javax.crypto.CipherSpi.bufferCrypt(CipherSpi.java:779)
	at javax.crypto.CipherSpi.engineDoFinal(CipherSpi.java:730)
	at javax.crypto.Cipher.doFinal(Cipher.java:2467)
	at sun.security.ssl.SSLCipher$T13GcmReadCipherGenerator$GcmReadCipher.decrypt(SSLCipher.java:1880)
	at sun.security.ssl.SSLSocketInputRecord.decodeInputRecord(SSLSocketInputRecord.java:259)
	at sun.security.ssl.SSLSocketInputRecord.decode(SSLSocketInputRecord.java:180)
	at sun.security.ssl.SSLTransport.decode(SSLTransport.java:111)
	... 42 more
]]>
    </error>
  </testcase> <!-- setEnvironment -->
  <testcase name="runFeature" time="29.883" classname="automationTesting.runner.AutomationTestRunner"/>
  <testcase name="runFeature" time="29.800" classname="automationTesting.runner.AutomationTestRunner"/>
  <testcase name="runFeature" time="47.619" classname="automationTesting.runner.AutomationTestRunner"/>
  <testcase name="runFeature" time="45.769" classname="automationTesting.runner.AutomationTestRunner"/>
  <testcase name="runFeature" time="60.039" classname="automationTesting.runner.AutomationTestRunner">
    <skipped/>
  </testcase> <!-- runFeature -->
  <testcase name="runFeature" time="45.304" classname="automationTesting.runner.AutomationTestRunner"/>
  <testcase name="runFeature" time="0.000" classname="automationTesting.runner.AutomationTestRunner">
    <skipped/>
  </testcase> <!-- runFeature -->
  <testcase name="runFeature" time="0.000" classname="automationTesting.runner.AutomationTestRunner">
    <skipped/>
  </testcase> <!-- runFeature -->
  <testcase name="runFeature" time="49.688" classname="automationTesting.runner.AutomationTestRunner">
    <skipped/>
  </testcase> <!-- runFeature -->
  <testcase name="runFeature" time="0.000" classname="automationTesting.runner.AutomationTestRunner">
    <skipped/>
  </testcase> <!-- runFeature -->
  <testcase name="runFeature" time="0.000" classname="automationTesting.runner.AutomationTestRunner">
    <skipped/>
  </testcase> <!-- runFeature -->
  <testcase name="runFeature" time="0.000" classname="automationTesting.runner.AutomationTestRunner">
    <skipped/>
  </testcase> <!-- runFeature -->
  <testcase name="runFeature" time="47.190" classname="automationTesting.runner.AutomationTestRunner">
    <skipped/>
  </testcase> <!-- runFeature -->
  <testcase name="runFeature" time="0.000" classname="automationTesting.runner.AutomationTestRunner">
    <skipped/>
  </testcase> <!-- runFeature -->
  <testcase name="runFeature" time="0.000" classname="automationTesting.runner.AutomationTestRunner">
    <skipped/>
  </testcase> <!-- runFeature -->
  <testcase name="runFeature" time="31.648" classname="automationTesting.runner.AutomationTestRunner"/>
  <testcase name="runFeature" time="0.000" classname="automationTesting.runner.AutomationTestRunner">
    <skipped/>
  </testcase> <!-- runFeature -->
  <testcase name="runFeature" time="0.000" classname="automationTesting.runner.AutomationTestRunner">
    <skipped/>
  </testcase> <!-- runFeature -->
  <testcase name="runFeature" time="0.000" classname="automationTesting.runner.AutomationTestRunner">
    <skipped/>
  </testcase> <!-- runFeature -->
  <testcase name="runFeature" time="0.000" classname="automationTesting.runner.AutomationTestRunner">
    <skipped/>
  </testcase> <!-- runFeature -->
  <testcase name="runFeature" time="0.000" classname="automationTesting.runner.AutomationTestRunner">
    <skipped/>
  </testcase> <!-- runFeature -->
  <testcase name="runFeature" time="0.000" classname="automationTesting.runner.AutomationTestRunner">
    <skipped/>
  </testcase> <!-- runFeature -->
  <testcase name="runFeature" time="55.559" classname="automationTesting.runner.AutomationTestRunner"/>
  <testcase name="runFeature" time="56.189" classname="automationTesting.runner.AutomationTestRunner"/>
  <testcase name="runFeature" time="54.517" classname="automationTesting.runner.AutomationTestRunner">
    <skipped/>
  </testcase> <!-- runFeature -->
  <testcase name="runFeature" time="51.476" classname="automationTesting.runner.AutomationTestRunner">
    <skipped/>
  </testcase> <!-- runFeature -->
  <testcase name="runFeature" time="0.000" classname="automationTesting.runner.AutomationTestRunner">
    <skipped/>
  </testcase> <!-- runFeature -->
  <testcase name="runFeature" time="0.000" classname="automationTesting.runner.AutomationTestRunner">
    <skipped/>
  </testcase> <!-- runFeature -->
  <testcase name="runFeature" time="0.000" classname="automationTesting.runner.AutomationTestRunner">
    <skipped/>
  </testcase> <!-- runFeature -->
  <testcase name="runFeature" time="0.000" classname="automationTesting.runner.AutomationTestRunner">
    <skipped/>
  </testcase> <!-- runFeature -->
  <testcase name="runFeature" time="0.000" classname="automationTesting.runner.AutomationTestRunner">
    <skipped/>
  </testcase> <!-- runFeature -->
  <testcase name="runFeature" time="22.882" classname="automationTesting.runner.AutomationTestRunner"/>
  <testcase name="runFeature" time="32.408" classname="automationTesting.runner.AutomationTestRunner"/>
  <testcase name="runFeature" time="53.346" classname="automationTesting.runner.AutomationTestRunner">
    <skipped/>
  </testcase> <!-- runFeature -->
  <testcase name="runFeature" time="21.023" classname="automationTesting.runner.AutomationTestRunner"/>
  <testcase name="runFeature" time="0.000" classname="automationTesting.runner.AutomationTestRunner">
    <skipped/>
  </testcase> <!-- runFeature -->
  <testcase name="runFeature" time="46.099" classname="automationTesting.runner.AutomationTestRunner">
    <skipped/>
  </testcase> <!-- runFeature -->
  <testcase name="runFeature" time="35.504" classname="automationTesting.runner.AutomationTestRunner"/>
  <testcase name="runFeature" time="0.000" classname="automationTesting.runner.AutomationTestRunner">
    <skipped/>
  </testcase> <!-- runFeature -->
  <testcase name="runFeature" time="0.000" classname="automationTesting.runner.AutomationTestRunner">
    <skipped/>
  </testcase> <!-- runFeature -->
  <testcase name="runFeature" time="41.940" classname="automationTesting.runner.AutomationTestRunner">
    <skipped/>
  </testcase> <!-- runFeature -->
  <testcase name="runFeature" time="0.000" classname="automationTesting.runner.AutomationTestRunner">
    <skipped/>
  </testcase> <!-- runFeature -->
  <testcase name="runFeature" time="0.000" classname="automationTesting.runner.AutomationTestRunner">
    <skipped/>
  </testcase> <!-- runFeature -->
  <testcase name="runFeature" time="0.000" classname="automationTesting.runner.AutomationTestRunner">
    <skipped/>
  </testcase> <!-- runFeature -->
  <testcase name="runFeature" time="34.587" classname="automationTesting.runner.AutomationTestRunner"/>
  <testcase name="runFeature" time="0.000" classname="automationTesting.runner.AutomationTestRunner">
    <skipped/>
  </testcase> <!-- runFeature -->
  <testcase name="runFeature" time="43.005" classname="automationTesting.runner.AutomationTestRunner">
    <skipped/>
  </testcase> <!-- runFeature -->
  <testcase name="runFeature" time="0.000" classname="automationTesting.runner.AutomationTestRunner">
    <skipped/>
  </testcase> <!-- runFeature -->
  <testcase name="runFeature" time="0.000" classname="automationTesting.runner.AutomationTestRunner">
    <skipped/>
  </testcase> <!-- runFeature -->
  <testcase name="runFeature" time="46.851" classname="automationTesting.runner.AutomationTestRunner">
    <skipped/>
  </testcase> <!-- runFeature -->
  <testcase name="runFeature" time="16.436" classname="automationTesting.runner.AutomationTestRunner"/>
  <testcase name="runFeature" time="0.000" classname="automationTesting.runner.AutomationTestRunner">
    <skipped/>
  </testcase> <!-- runFeature -->
  <testcase name="runFeature" time="0.000" classname="automationTesting.runner.AutomationTestRunner">
    <skipped/>
  </testcase> <!-- runFeature -->
  <testcase name="runFeature" time="0.000" classname="automationTesting.runner.AutomationTestRunner">
    <skipped/>
  </testcase> <!-- runFeature -->
  <testcase name="runFeature" time="41.576" classname="automationTesting.runner.AutomationTestRunner"/>
  <testcase name="runFeature" time="0.000" classname="automationTesting.runner.AutomationTestRunner">
    <skipped/>
  </testcase> <!-- runFeature -->
  <testcase name="runFeature" time="58.305" classname="automationTesting.runner.AutomationTestRunner"/>
  <testcase name="runFeature" time="46.905" classname="automationTesting.runner.AutomationTestRunner">
    <skipped/>
  </testcase> <!-- runFeature -->
  <testcase name="runFeature" time="0.000" classname="automationTesting.runner.AutomationTestRunner">
    <skipped/>
  </testcase> <!-- runFeature -->
  <testcase name="runFeature" time="0.000" classname="automationTesting.runner.AutomationTestRunner">
    <skipped/>
  </testcase> <!-- runFeature -->
  <testcase name="runFeature" time="0.000" classname="automationTesting.runner.AutomationTestRunner">
    <skipped/>
  </testcase> <!-- runFeature -->
</testsuite> <!-- automationTesting.runner.AutomationTestRunner -->
